#
# There is insufficient memory for the Java Runtime Environment to continue.
# Native memory allocation (malloc) failed to allocate 185872 bytes for Chunk::new
# Possible reasons:
#   The system is out of physical RAM or swap space
#   The process is running with CompressedOops enabled, and the Java Heap may be blocking the growth of the native heap
# Possible solutions:
#   Reduce memory load on the system
#   Increase physical memory or swap space
#   Check if swap backing store is full
#   Decrease Java heap size (-Xmx/-Xms)
#   Decrease number of Java threads
#   Decrease Java thread stack sizes (-Xss)
#   Set larger code cache with -XX:ReservedCodeCacheSize=
#   JVM is running with Zero Based Compressed Oops mode in which the Java heap is
#     placed in the first 32GB address space. The Java Heap base address is the
#     maximum limit for the native heap growth. Please use -XX:HeapBaseMinAddress
#     to set the Java Heap base and to place the Java Heap above 32GB virtual address.
# This output file may be truncated or incomplete.
#
#  Out of Memory Error (arena.cpp:189), pid=19180, tid=24836
#
# JRE version: Java(TM) SE Runtime Environment (17.0.8+9) (build 17.0.8+9-LTS-211)
# Java VM: Java HotSpot(TM) 64-Bit Server VM (17.0.8+9-LTS-211, mixed mode, tiered, compressed oops, compressed class ptrs, g1 gc, windows-amd64)
# No core dump will be written. Minidumps are not enabled by default on client versions of Windows
#

---------------  S U M M A R Y ------------

Command Line: C:\Users\21628\AppData\Local\Temp\surefire11492967373534903148\surefirebooter-20250604163157809_3.jar C:\Users\21628\AppData\Local\Temp\surefire11492967373534903148 2025-06-04T16-31-57_642-jvmRun1 surefire-20250604163157809_1tmp surefire_0-20250604163157809_2tmp

Host: Intel(R) Core(TM) i5-10300H CPU @ 2.50GHz, 8 cores, 15G,  Windows 10 , 64 bit Build 19041 (10.0.19041.5794)
Time: Wed Jun  4 16:31:58 2025 W. Central Africa Standard Time elapsed time: 0.320536 seconds (0d 0h 0m 0s)

---------------  T H R E A D  ---------------

Current thread (0x00000258843e8050):  JavaThread "C2 CompilerThread1" daemon [_thread_in_native, id=24836, stack(0x000000c94cf00000,0x000000c94d000000)]


Current CompileTask:
C2:    320  460   !   4       java.io.BufferedReader::readLine (327 bytes)

Stack: [0x000000c94cf00000,0x000000c94d000000]
Native frames: (J=compiled Java code, j=interpreted, Vv=VM code, C=native code)
V  [jvm.dll+0x677d0a]
V  [jvm.dll+0x7d8c54]
V  [jvm.dll+0x7da3fe]
V  [jvm.dll+0x7daa63]
V  [jvm.dll+0x245c5f]
V  [jvm.dll+0xaaa6b]
V  [jvm.dll+0xab00c]
V  [jvm.dll+0x361e8e]
V  [jvm.dll+0x1bba6a]
V  [jvm.dll+0x218157]
V  [jvm.dll+0x217431]
V  [jvm.dll+0x1a3af0]
V  [jvm.dll+0x2270be]
V  [jvm.dll+0x22535b]
V  [jvm.dll+0x78e7bc]
V  [jvm.dll+0x788bba]
V  [jvm.dll+0x676b35]
C  [ucrtbase.dll+0x21bb2]
C  [KERNEL32.DLL+0x17374]
C  [ntdll.dll+0x4cc91]


---------------  P R O C E S S  ---------------

Threads class SMR info:
_java_thread_list=0x000002588415dfe0, length=13, elements={
0x00000258d867a5d0, 0x000002588405a620, 0x000002588405b120, 0x00000258840983e0,
0x00000258840989a0, 0x000002588406cc20, 0x000002588406ec60, 0x0000025884092650,
0x00000258840a0f70, 0x00000258840c1440, 0x0000025884205210, 0x0000025884219010,
0x00000258843e8050
}

Java Threads: ( => current thread )
  0x00000258d867a5d0 JavaThread "main" [_thread_in_native, id=13276, stack(0x000000c94bc00000,0x000000c94bd00000)]
  0x000002588405a620 JavaThread "Reference Handler" daemon [_thread_blocked, id=15028, stack(0x000000c94c300000,0x000000c94c400000)]
  0x000002588405b120 JavaThread "Finalizer" daemon [_thread_blocked, id=17420, stack(0x000000c94c400000,0x000000c94c500000)]
  0x00000258840983e0 JavaThread "Signal Dispatcher" daemon [_thread_blocked, id=7340, stack(0x000000c94c500000,0x000000c94c600000)]
  0x00000258840989a0 JavaThread "Attach Listener" daemon [_thread_blocked, id=27900, stack(0x000000c94c600000,0x000000c94c700000)]
  0x000002588406cc20 JavaThread "Service Thread" daemon [_thread_blocked, id=3604, stack(0x000000c94c700000,0x000000c94c800000)]
  0x000002588406ec60 JavaThread "Monitor Deflation Thread" daemon [_thread_blocked, id=30596, stack(0x000000c94c800000,0x000000c94c900000)]
  0x0000025884092650 JavaThread "C2 CompilerThread0" daemon [_thread_in_native, id=28248, stack(0x000000c94c900000,0x000000c94ca00000)]
  0x00000258840a0f70 JavaThread "C1 CompilerThread0" daemon [_thread_blocked, id=24284, stack(0x000000c94ca00000,0x000000c94cb00000)]
  0x00000258840c1440 JavaThread "Sweeper thread" daemon [_thread_blocked, id=29784, stack(0x000000c94cb00000,0x000000c94cc00000)]
  0x0000025884205210 JavaThread "Notification Thread" daemon [_thread_blocked, id=4752, stack(0x000000c94cc00000,0x000000c94cd00000)]
  0x0000025884219010 JavaThread "Common-Cleaner" daemon [_thread_blocked, id=17124, stack(0x000000c94ce00000,0x000000c94cf00000)]
=>0x00000258843e8050 JavaThread "C2 CompilerThread1" daemon [_thread_in_native, id=24836, stack(0x000000c94cf00000,0x000000c94d000000)]

Other Threads:
  0x00000258fb39c7b0 VMThread "VM Thread" [stack: 0x000000c94c200000,0x000000c94c300000] [id=30668]
  0x00000258d870d880 WatcherThread [stack: 0x000000c94cd00000,0x000000c94ce00000] [id=11936]
  0x00000258d86e4c60 GCTaskThread "GC Thread#0" [stack: 0x000000c94bd00000,0x000000c94be00000] [id=29356]
  0x00000258d86f68b0 ConcurrentGCThread "G1 Main Marker" [stack: 0x000000c94be00000,0x000000c94bf00000] [id=29200]
  0x00000258d86f7960 ConcurrentGCThread "G1 Conc#0" [stack: 0x000000c94bf00000,0x000000c94c000000] [id=29832]
  0x00000258d874d880 ConcurrentGCThread "G1 Refine#0" [stack: 0x000000c94c000000,0x000000c94c100000] [id=29812]
  0x00000258d874ddb0 ConcurrentGCThread "G1 Service" [stack: 0x000000c94c100000,0x000000c94c200000] [id=7072]

Threads with active compile tasks:
C2 CompilerThread0      335  512       4       java.util.HashMap::get (19 bytes)
C2 CompilerThread1      335  460   !   4       java.io.BufferedReader::readLine (327 bytes)

VM state: not at safepoint (normal execution)

VM Mutex/Monitor currently owned by a thread: None

Heap address: 0x0000000702000000, size: 4064 MB, Compressed Oops mode: Zero based, Oop shift amount: 3

CDS archive(s) not mapped
Compressed class space mapped at: 0x0000000800000000-0x0000000840000000, reserved size: 1073741824
Narrow klass base: 0x0000000800000000, Narrow klass shift: 0, Narrow klass range: 0x40000000

GC Precious Log:
 CPUs: 8 total, 8 available
 Memory: 16251M
 Large Page Support: Disabled
 NUMA Support: Disabled
 Compressed Oops: Enabled (Zero based)
 Heap Region Size: 2M
 Heap Min Capacity: 8M
 Heap Initial Capacity: 254M
 Heap Max Capacity: 4064M
 Pre-touch: Disabled
 Parallel Workers: 8
 Concurrent Workers: 2
 Concurrent Refinement Workers: 8
 Periodic GC: Disabled

Heap:
 garbage-first heap   total 260096K, used 16384K [0x0000000702000000, 0x0000000800000000)
  region size 2048K, 7 young (14336K), 0 survivors (0K)
 Metaspace       used 7376K, committed 7552K, reserved 1114112K
  class space    used 628K, committed 704K, reserved 1048576K

Heap Regions: E=young(eden), S=young(survivor), O=old, HS=humongous(starts), HC=humongous(continues), CS=collection set, F=free, OA=open archive, CA=closed archive, TAMS=top-at-mark-start (previous, next)
|   0|0x0000000702000000, 0x0000000702200000, 0x0000000702200000|100%|HS|  |TAMS 0x0000000702000000, 0x0000000702000000| Complete 
|   1|0x0000000702200000, 0x0000000702400000, 0x0000000702400000|100%|HS|  |TAMS 0x0000000702200000, 0x0000000702200000| Complete 
|   2|0x0000000702400000, 0x0000000702400000, 0x0000000702600000|  0%| F|  |TAMS 0x0000000702400000, 0x0000000702400000| Untracked 
|   3|0x0000000702600000, 0x0000000702600000, 0x0000000702800000|  0%| F|  |TAMS 0x0000000702600000, 0x0000000702600000| Untracked 
|   4|0x0000000702800000, 0x0000000702800000, 0x0000000702a00000|  0%| F|  |TAMS 0x0000000702800000, 0x0000000702800000| Untracked 
|   5|0x0000000702a00000, 0x0000000702a00000, 0x0000000702c00000|  0%| F|  |TAMS 0x0000000702a00000, 0x0000000702a00000| Untracked 
|   6|0x0000000702c00000, 0x0000000702c00000, 0x0000000702e00000|  0%| F|  |TAMS 0x0000000702c00000, 0x0000000702c00000| Untracked 
|   7|0x0000000702e00000, 0x0000000702e00000, 0x0000000703000000|  0%| F|  |TAMS 0x0000000702e00000, 0x0000000702e00000| Untracked 
|   8|0x0000000703000000, 0x0000000703000000, 0x0000000703200000|  0%| F|  |TAMS 0x0000000703000000, 0x0000000703000000| Untracked 
|   9|0x0000000703200000, 0x0000000703200000, 0x0000000703400000|  0%| F|  |TAMS 0x0000000703200000, 0x0000000703200000| Untracked 
|  10|0x0000000703400000, 0x0000000703400000, 0x0000000703600000|  0%| F|  |TAMS 0x0000000703400000, 0x0000000703400000| Untracked 
|  11|0x0000000703600000, 0x0000000703600000, 0x0000000703800000|  0%| F|  |TAMS 0x0000000703600000, 0x0000000703600000| Untracked 
|  12|0x0000000703800000, 0x0000000703800000, 0x0000000703a00000|  0%| F|  |TAMS 0x0000000703800000, 0x0000000703800000| Untracked 
|  13|0x0000000703a00000, 0x0000000703a00000, 0x0000000703c00000|  0%| F|  |TAMS 0x0000000703a00000, 0x0000000703a00000| Untracked 
|  14|0x0000000703c00000, 0x0000000703c00000, 0x0000000703e00000|  0%| F|  |TAMS 0x0000000703c00000, 0x0000000703c00000| Untracked 
|  15|0x0000000703e00000, 0x0000000703e00000, 0x0000000704000000|  0%| F|  |TAMS 0x0000000703e00000, 0x0000000703e00000| Untracked 
|  16|0x0000000704000000, 0x0000000704000000, 0x0000000704200000|  0%| F|  |TAMS 0x0000000704000000, 0x0000000704000000| Untracked 
|  17|0x0000000704200000, 0x0000000704200000, 0x0000000704400000|  0%| F|  |TAMS 0x0000000704200000, 0x0000000704200000| Untracked 
|  18|0x0000000704400000, 0x0000000704400000, 0x0000000704600000|  0%| F|  |TAMS 0x0000000704400000, 0x0000000704400000| Untracked 
|  19|0x0000000704600000, 0x0000000704600000, 0x0000000704800000|  0%| F|  |TAMS 0x0000000704600000, 0x0000000704600000| Untracked 
|  20|0x0000000704800000, 0x0000000704800000, 0x0000000704a00000|  0%| F|  |TAMS 0x0000000704800000, 0x0000000704800000| Untracked 
|  21|0x0000000704a00000, 0x0000000704a00000, 0x0000000704c00000|  0%| F|  |TAMS 0x0000000704a00000, 0x0000000704a00000| Untracked 
|  22|0x0000000704c00000, 0x0000000704c00000, 0x0000000704e00000|  0%| F|  |TAMS 0x0000000704c00000, 0x0000000704c00000| Untracked 
|  23|0x0000000704e00000, 0x0000000704e00000, 0x0000000705000000|  0%| F|  |TAMS 0x0000000704e00000, 0x0000000704e00000| Untracked 
|  24|0x0000000705000000, 0x0000000705000000, 0x0000000705200000|  0%| F|  |TAMS 0x0000000705000000, 0x0000000705000000| Untracked 
|  25|0x0000000705200000, 0x0000000705200000, 0x0000000705400000|  0%| F|  |TAMS 0x0000000705200000, 0x0000000705200000| Untracked 
|  26|0x0000000705400000, 0x0000000705400000, 0x0000000705600000|  0%| F|  |TAMS 0x0000000705400000, 0x0000000705400000| Untracked 
|  27|0x0000000705600000, 0x0000000705600000, 0x0000000705800000|  0%| F|  |TAMS 0x0000000705600000, 0x0000000705600000| Untracked 
|  28|0x0000000705800000, 0x0000000705800000, 0x0000000705a00000|  0%| F|  |TAMS 0x0000000705800000, 0x0000000705800000| Untracked 
|  29|0x0000000705a00000, 0x0000000705a00000, 0x0000000705c00000|  0%| F|  |TAMS 0x0000000705a00000, 0x0000000705a00000| Untracked 
|  30|0x0000000705c00000, 0x0000000705c00000, 0x0000000705e00000|  0%| F|  |TAMS 0x0000000705c00000, 0x0000000705c00000| Untracked 
|  31|0x0000000705e00000, 0x0000000705e00000, 0x0000000706000000|  0%| F|  |TAMS 0x0000000705e00000, 0x0000000705e00000| Untracked 
|  32|0x0000000706000000, 0x0000000706000000, 0x0000000706200000|  0%| F|  |TAMS 0x0000000706000000, 0x0000000706000000| Untracked 
|  33|0x0000000706200000, 0x0000000706200000, 0x0000000706400000|  0%| F|  |TAMS 0x0000000706200000, 0x0000000706200000| Untracked 
|  34|0x0000000706400000, 0x0000000706400000, 0x0000000706600000|  0%| F|  |TAMS 0x0000000706400000, 0x0000000706400000| Untracked 
|  35|0x0000000706600000, 0x0000000706600000, 0x0000000706800000|  0%| F|  |TAMS 0x0000000706600000, 0x0000000706600000| Untracked 
|  36|0x0000000706800000, 0x0000000706800000, 0x0000000706a00000|  0%| F|  |TAMS 0x0000000706800000, 0x0000000706800000| Untracked 
|  37|0x0000000706a00000, 0x0000000706a00000, 0x0000000706c00000|  0%| F|  |TAMS 0x0000000706a00000, 0x0000000706a00000| Untracked 
|  38|0x0000000706c00000, 0x0000000706c00000, 0x0000000706e00000|  0%| F|  |TAMS 0x0000000706c00000, 0x0000000706c00000| Untracked 
|  39|0x0000000706e00000, 0x0000000706e00000, 0x0000000707000000|  0%| F|  |TAMS 0x0000000706e00000, 0x0000000706e00000| Untracked 
|  40|0x0000000707000000, 0x0000000707000000, 0x0000000707200000|  0%| F|  |TAMS 0x0000000707000000, 0x0000000707000000| Untracked 
|  41|0x0000000707200000, 0x0000000707200000, 0x0000000707400000|  0%| F|  |TAMS 0x0000000707200000, 0x0000000707200000| Untracked 
|  42|0x0000000707400000, 0x0000000707400000, 0x0000000707600000|  0%| F|  |TAMS 0x0000000707400000, 0x0000000707400000| Untracked 
|  43|0x0000000707600000, 0x0000000707600000, 0x0000000707800000|  0%| F|  |TAMS 0x0000000707600000, 0x0000000707600000| Untracked 
|  44|0x0000000707800000, 0x0000000707800000, 0x0000000707a00000|  0%| F|  |TAMS 0x0000000707800000, 0x0000000707800000| Untracked 
|  45|0x0000000707a00000, 0x0000000707a00000, 0x0000000707c00000|  0%| F|  |TAMS 0x0000000707a00000, 0x0000000707a00000| Untracked 
|  46|0x0000000707c00000, 0x0000000707c00000, 0x0000000707e00000|  0%| F|  |TAMS 0x0000000707c00000, 0x0000000707c00000| Untracked 
|  47|0x0000000707e00000, 0x0000000707e00000, 0x0000000708000000|  0%| F|  |TAMS 0x0000000707e00000, 0x0000000707e00000| Untracked 
|  48|0x0000000708000000, 0x0000000708000000, 0x0000000708200000|  0%| F|  |TAMS 0x0000000708000000, 0x0000000708000000| Untracked 
|  49|0x0000000708200000, 0x0000000708200000, 0x0000000708400000|  0%| F|  |TAMS 0x0000000708200000, 0x0000000708200000| Untracked 
|  50|0x0000000708400000, 0x0000000708400000, 0x0000000708600000|  0%| F|  |TAMS 0x0000000708400000, 0x0000000708400000| Untracked 
|  51|0x0000000708600000, 0x0000000708600000, 0x0000000708800000|  0%| F|  |TAMS 0x0000000708600000, 0x0000000708600000| Untracked 
|  52|0x0000000708800000, 0x0000000708800000, 0x0000000708a00000|  0%| F|  |TAMS 0x0000000708800000, 0x0000000708800000| Untracked 
|  53|0x0000000708a00000, 0x0000000708a00000, 0x0000000708c00000|  0%| F|  |TAMS 0x0000000708a00000, 0x0000000708a00000| Untracked 
|  54|0x0000000708c00000, 0x0000000708c00000, 0x0000000708e00000|  0%| F|  |TAMS 0x0000000708c00000, 0x0000000708c00000| Untracked 
|  55|0x0000000708e00000, 0x0000000708e00000, 0x0000000709000000|  0%| F|  |TAMS 0x0000000708e00000, 0x0000000708e00000| Untracked 
|  56|0x0000000709000000, 0x0000000709000000, 0x0000000709200000|  0%| F|  |TAMS 0x0000000709000000, 0x0000000709000000| Untracked 
|  57|0x0000000709200000, 0x0000000709200000, 0x0000000709400000|  0%| F|  |TAMS 0x0000000709200000, 0x0000000709200000| Untracked 
|  58|0x0000000709400000, 0x0000000709400000, 0x0000000709600000|  0%| F|  |TAMS 0x0000000709400000, 0x0000000709400000| Untracked 
|  59|0x0000000709600000, 0x0000000709600000, 0x0000000709800000|  0%| F|  |TAMS 0x0000000709600000, 0x0000000709600000| Untracked 
|  60|0x0000000709800000, 0x0000000709800000, 0x0000000709a00000|  0%| F|  |TAMS 0x0000000709800000, 0x0000000709800000| Untracked 
|  61|0x0000000709a00000, 0x0000000709a00000, 0x0000000709c00000|  0%| F|  |TAMS 0x0000000709a00000, 0x0000000709a00000| Untracked 
|  62|0x0000000709c00000, 0x0000000709c00000, 0x0000000709e00000|  0%| F|  |TAMS 0x0000000709c00000, 0x0000000709c00000| Untracked 
|  63|0x0000000709e00000, 0x0000000709e00000, 0x000000070a000000|  0%| F|  |TAMS 0x0000000709e00000, 0x0000000709e00000| Untracked 
|  64|0x000000070a000000, 0x000000070a000000, 0x000000070a200000|  0%| F|  |TAMS 0x000000070a000000, 0x000000070a000000| Untracked 
|  65|0x000000070a200000, 0x000000070a200000, 0x000000070a400000|  0%| F|  |TAMS 0x000000070a200000, 0x000000070a200000| Untracked 
|  66|0x000000070a400000, 0x000000070a400000, 0x000000070a600000|  0%| F|  |TAMS 0x000000070a400000, 0x000000070a400000| Untracked 
|  67|0x000000070a600000, 0x000000070a600000, 0x000000070a800000|  0%| F|  |TAMS 0x000000070a600000, 0x000000070a600000| Untracked 
|  68|0x000000070a800000, 0x000000070a800000, 0x000000070aa00000|  0%| F|  |TAMS 0x000000070a800000, 0x000000070a800000| Untracked 
|  69|0x000000070aa00000, 0x000000070aa00000, 0x000000070ac00000|  0%| F|  |TAMS 0x000000070aa00000, 0x000000070aa00000| Untracked 
|  70|0x000000070ac00000, 0x000000070ac00000, 0x000000070ae00000|  0%| F|  |TAMS 0x000000070ac00000, 0x000000070ac00000| Untracked 
|  71|0x000000070ae00000, 0x000000070ae00000, 0x000000070b000000|  0%| F|  |TAMS 0x000000070ae00000, 0x000000070ae00000| Untracked 
|  72|0x000000070b000000, 0x000000070b000000, 0x000000070b200000|  0%| F|  |TAMS 0x000000070b000000, 0x000000070b000000| Untracked 
|  73|0x000000070b200000, 0x000000070b200000, 0x000000070b400000|  0%| F|  |TAMS 0x000000070b200000, 0x000000070b200000| Untracked 
|  74|0x000000070b400000, 0x000000070b400000, 0x000000070b600000|  0%| F|  |TAMS 0x000000070b400000, 0x000000070b400000| Untracked 
|  75|0x000000070b600000, 0x000000070b600000, 0x000000070b800000|  0%| F|  |TAMS 0x000000070b600000, 0x000000070b600000| Untracked 
|  76|0x000000070b800000, 0x000000070b800000, 0x000000070ba00000|  0%| F|  |TAMS 0x000000070b800000, 0x000000070b800000| Untracked 
|  77|0x000000070ba00000, 0x000000070ba00000, 0x000000070bc00000|  0%| F|  |TAMS 0x000000070ba00000, 0x000000070ba00000| Untracked 
|  78|0x000000070bc00000, 0x000000070bc00000, 0x000000070be00000|  0%| F|  |TAMS 0x000000070bc00000, 0x000000070bc00000| Untracked 
|  79|0x000000070be00000, 0x000000070be00000, 0x000000070c000000|  0%| F|  |TAMS 0x000000070be00000, 0x000000070be00000| Untracked 
|  80|0x000000070c000000, 0x000000070c000000, 0x000000070c200000|  0%| F|  |TAMS 0x000000070c000000, 0x000000070c000000| Untracked 
|  81|0x000000070c200000, 0x000000070c200000, 0x000000070c400000|  0%| F|  |TAMS 0x000000070c200000, 0x000000070c200000| Untracked 
|  82|0x000000070c400000, 0x000000070c400000, 0x000000070c600000|  0%| F|  |TAMS 0x000000070c400000, 0x000000070c400000| Untracked 
|  83|0x000000070c600000, 0x000000070c600000, 0x000000070c800000|  0%| F|  |TAMS 0x000000070c600000, 0x000000070c600000| Untracked 
|  84|0x000000070c800000, 0x000000070c800000, 0x000000070ca00000|  0%| F|  |TAMS 0x000000070c800000, 0x000000070c800000| Untracked 
|  85|0x000000070ca00000, 0x000000070ca00000, 0x000000070cc00000|  0%| F|  |TAMS 0x000000070ca00000, 0x000000070ca00000| Untracked 
|  86|0x000000070cc00000, 0x000000070cc00000, 0x000000070ce00000|  0%| F|  |TAMS 0x000000070cc00000, 0x000000070cc00000| Untracked 
|  87|0x000000070ce00000, 0x000000070ce00000, 0x000000070d000000|  0%| F|  |TAMS 0x000000070ce00000, 0x000000070ce00000| Untracked 
|  88|0x000000070d000000, 0x000000070d000000, 0x000000070d200000|  0%| F|  |TAMS 0x000000070d000000, 0x000000070d000000| Untracked 
|  89|0x000000070d200000, 0x000000070d200000, 0x000000070d400000|  0%| F|  |TAMS 0x000000070d200000, 0x000000070d200000| Untracked 
|  90|0x000000070d400000, 0x000000070d400000, 0x000000070d600000|  0%| F|  |TAMS 0x000000070d400000, 0x000000070d400000| Untracked 
|  91|0x000000070d600000, 0x000000070d600000, 0x000000070d800000|  0%| F|  |TAMS 0x000000070d600000, 0x000000070d600000| Untracked 
|  92|0x000000070d800000, 0x000000070d800000, 0x000000070da00000|  0%| F|  |TAMS 0x000000070d800000, 0x000000070d800000| Untracked 
|  93|0x000000070da00000, 0x000000070da00000, 0x000000070dc00000|  0%| F|  |TAMS 0x000000070da00000, 0x000000070da00000| Untracked 
|  94|0x000000070dc00000, 0x000000070dc00000, 0x000000070de00000|  0%| F|  |TAMS 0x000000070dc00000, 0x000000070dc00000| Untracked 
|  95|0x000000070de00000, 0x000000070de00000, 0x000000070e000000|  0%| F|  |TAMS 0x000000070de00000, 0x000000070de00000| Untracked 
|  96|0x000000070e000000, 0x000000070e000000, 0x000000070e200000|  0%| F|  |TAMS 0x000000070e000000, 0x000000070e000000| Untracked 
|  97|0x000000070e200000, 0x000000070e200000, 0x000000070e400000|  0%| F|  |TAMS 0x000000070e200000, 0x000000070e200000| Untracked 
|  98|0x000000070e400000, 0x000000070e400000, 0x000000070e600000|  0%| F|  |TAMS 0x000000070e400000, 0x000000070e400000| Untracked 
|  99|0x000000070e600000, 0x000000070e600000, 0x000000070e800000|  0%| F|  |TAMS 0x000000070e600000, 0x000000070e600000| Untracked 
| 100|0x000000070e800000, 0x000000070e800000, 0x000000070ea00000|  0%| F|  |TAMS 0x000000070e800000, 0x000000070e800000| Untracked 
| 101|0x000000070ea00000, 0x000000070ea00000, 0x000000070ec00000|  0%| F|  |TAMS 0x000000070ea00000, 0x000000070ea00000| Untracked 
| 102|0x000000070ec00000, 0x000000070ec00000, 0x000000070ee00000|  0%| F|  |TAMS 0x000000070ec00000, 0x000000070ec00000| Untracked 
| 103|0x000000070ee00000, 0x000000070ee00000, 0x000000070f000000|  0%| F|  |TAMS 0x000000070ee00000, 0x000000070ee00000| Untracked 
| 104|0x000000070f000000, 0x000000070f000000, 0x000000070f200000|  0%| F|  |TAMS 0x000000070f000000, 0x000000070f000000| Untracked 
| 105|0x000000070f200000, 0x000000070f200000, 0x000000070f400000|  0%| F|  |TAMS 0x000000070f200000, 0x000000070f200000| Untracked 
| 106|0x000000070f400000, 0x000000070f400000, 0x000000070f600000|  0%| F|  |TAMS 0x000000070f400000, 0x000000070f400000| Untracked 
| 107|0x000000070f600000, 0x000000070f600000, 0x000000070f800000|  0%| F|  |TAMS 0x000000070f600000, 0x000000070f600000| Untracked 
| 108|0x000000070f800000, 0x000000070f800000, 0x000000070fa00000|  0%| F|  |TAMS 0x000000070f800000, 0x000000070f800000| Untracked 
| 109|0x000000070fa00000, 0x000000070fa00000, 0x000000070fc00000|  0%| F|  |TAMS 0x000000070fa00000, 0x000000070fa00000| Untracked 
| 110|0x000000070fc00000, 0x000000070fc00000, 0x000000070fe00000|  0%| F|  |TAMS 0x000000070fc00000, 0x000000070fc00000| Untracked 
| 111|0x000000070fe00000, 0x000000070fe00000, 0x0000000710000000|  0%| F|  |TAMS 0x000000070fe00000, 0x000000070fe00000| Untracked 
| 112|0x0000000710000000, 0x0000000710000000, 0x0000000710200000|  0%| F|  |TAMS 0x0000000710000000, 0x0000000710000000| Untracked 
| 113|0x0000000710200000, 0x0000000710200000, 0x0000000710400000|  0%| F|  |TAMS 0x0000000710200000, 0x0000000710200000| Untracked 
| 114|0x0000000710400000, 0x0000000710400000, 0x0000000710600000|  0%| F|  |TAMS 0x0000000710400000, 0x0000000710400000| Untracked 
| 115|0x0000000710600000, 0x0000000710600000, 0x0000000710800000|  0%| F|  |TAMS 0x0000000710600000, 0x0000000710600000| Untracked 
| 116|0x0000000710800000, 0x0000000710800000, 0x0000000710a00000|  0%| F|  |TAMS 0x0000000710800000, 0x0000000710800000| Untracked 
| 117|0x0000000710a00000, 0x0000000710a00000, 0x0000000710c00000|  0%| F|  |TAMS 0x0000000710a00000, 0x0000000710a00000| Untracked 
| 118|0x0000000710c00000, 0x0000000710c00000, 0x0000000710e00000|  0%| F|  |TAMS 0x0000000710c00000, 0x0000000710c00000| Untracked 
| 119|0x0000000710e00000, 0x0000000710e0a8e0, 0x0000000711000000|  2%| E|  |TAMS 0x0000000710e00000, 0x0000000710e00000| Complete 
| 120|0x0000000711000000, 0x0000000711200000, 0x0000000711200000|100%| E|CS|TAMS 0x0000000711000000, 0x0000000711000000| Complete 
| 121|0x0000000711200000, 0x0000000711400000, 0x0000000711400000|100%| E|CS|TAMS 0x0000000711200000, 0x0000000711200000| Complete 
| 122|0x0000000711400000, 0x0000000711600000, 0x0000000711600000|100%| E|CS|TAMS 0x0000000711400000, 0x0000000711400000| Complete 
| 123|0x0000000711600000, 0x0000000711800000, 0x0000000711800000|100%| E|CS|TAMS 0x0000000711600000, 0x0000000711600000| Complete 
| 124|0x0000000711800000, 0x0000000711a00000, 0x0000000711a00000|100%| E|CS|TAMS 0x0000000711800000, 0x0000000711800000| Complete 
| 125|0x0000000711a00000, 0x0000000711c00000, 0x0000000711c00000|100%| E|CS|TAMS 0x0000000711a00000, 0x0000000711a00000| Complete 
| 126|0x0000000711c00000, 0x0000000711e00000, 0x0000000711e00000|100%| E|CS|TAMS 0x0000000711c00000, 0x0000000711c00000| Complete 

Card table byte_map: [0x00000258efa40000,0x00000258f0230000] _byte_map_base: 0x00000258ec230000

Marking Bits (Prev, Next): (CMBitMap*) 0x00000258d86e5170, (CMBitMap*) 0x00000258d86e51b0
 Prev Bits: [0x00000258f0a20000, 0x00000258f49a0000)
 Next Bits: [0x00000258f49a0000, 0x00000258f8920000)

Polling page: 0x00000258d6630000

Metaspace:

Usage:
  Non-class:      6.59 MB used.
      Class:    628.77 KB used.
       Both:      7.21 MB used.

Virtual space:
  Non-class space:       64.00 MB reserved,       6.69 MB ( 10%) committed,  1 nodes.
      Class space:        1.00 GB reserved,     704.00 KB ( <1%) committed,  1 nodes.
             Both:        1.06 GB reserved,       7.38 MB ( <1%) committed. 

Chunk freelists:
   Non-Class:  8.97 MB
       Class:  15.25 MB
        Both:  24.22 MB

MaxMetaspaceSize: unlimited
CompressedClassSpaceSize: 1.00 GB
Initial GC threshold: 21.00 MB
Current GC threshold: 21.00 MB
CDS: off
MetaspaceReclaimPolicy: balanced
 - commit_granule_bytes: 65536.
 - commit_granule_words: 8192.
 - virtual_space_node_default_size: 8388608.
 - enlarge_chunks_in_place: 1.
 - new_chunks_are_fully_committed: 0.
 - uncommit_free_chunks: 1.
 - use_allocation_guard: 0.
 - handle_deallocations: 1.


Internal statistics:

num_allocs_failed_limit: 0.
num_arena_births: 10.
num_arena_deaths: 0.
num_vsnodes_births: 2.
num_vsnodes_deaths: 0.
num_space_committed: 118.
num_space_uncommitted: 0.
num_chunks_returned_to_freelist: 0.
num_chunks_taken_from_freelist: 38.
num_chunk_merges: 0.
num_chunk_splits: 18.
num_chunks_enlarged: 9.
num_purges: 0.
num_inconsistent_stats: 0.

CodeHeap 'non-profiled nmethods': size=120000Kb used=171Kb max_used=171Kb free=119828Kb
 bounds [0x00000258e79f0000, 0x00000258e7c60000, 0x00000258eef20000]
CodeHeap 'profiled nmethods': size=120000Kb used=869Kb max_used=869Kb free=119130Kb
 bounds [0x00000258dff20000, 0x00000258e0190000, 0x00000258e7450000]
CodeHeap 'non-nmethods': size=5760Kb used=1103Kb max_used=1132Kb free=4657Kb
 bounds [0x00000258e7450000, 0x00000258e76c0000, 0x00000258e79f0000]
 total_blobs=897 nmethods=519 adapters=291
 compilation: enabled
              stopped_count=0, restarted_count=0
 full_count=0

Compilation events (20 events):
Event: 0.311 Thread 0x00000258840a0f70 nmethod 470 0x00000258dffe4b10 code [0x00000258dffe4cc0, 0x00000258dffe5078]
Event: 0.312 Thread 0x00000258840a0f70  471       3       java.nio.HeapByteBuffer::ix (7 bytes)
Event: 0.312 Thread 0x00000258840a0f70 nmethod 471 0x00000258dffe5190 code [0x00000258dffe5320, 0x00000258dffe5438]
Event: 0.313 Thread 0x00000258840a0f70  472       3       java.util.zip.ZipFile$1::getManifestName (6 bytes)
Event: 0.313 Thread 0x00000258840a0f70 nmethod 472 0x00000258dffe5510 code [0x00000258dffe56c0, 0x00000258dffe5808]
Event: 0.313 Thread 0x00000258840a0f70  473   !   3       java.util.zip.ZipFile::getManifestName (61 bytes)
Event: 0.313 Thread 0x00000258840a0f70 nmethod 473 0x00000258dffe5910 code [0x00000258dffe5ae0, 0x00000258dffe5e78]
Event: 0.318 Thread 0x00000258840a0f70  475       3       java.util.zip.ZipFile$Source$Key::hashCode (46 bytes)
Event: 0.318 Thread 0x00000258840a0f70 nmethod 475 0x00000258dffe6090 code [0x00000258dffe6280, 0x00000258dffe66b8]
Event: 0.318 Thread 0x00000258840a0f70  476       3       sun.nio.fs.WindowsFileAttributes::lastModifiedTime (8 bytes)
Event: 0.318 Thread 0x00000258840a0f70 nmethod 476 0x00000258dffe6910 code [0x00000258dffe6aa0, 0x00000258dffe6be8]
Event: 0.318 Thread 0x00000258840a0f70  477   !   3       sun.nio.fs.WindowsFileAttributes::toFileTime (47 bytes)
Event: 0.318 Thread 0x00000258840a0f70 nmethod 477 0x00000258dffe6c90 code [0x00000258dffe6e80, 0x00000258dffe7128]
Event: 0.318 Thread 0x00000258840a0f70  478       3       java.lang.Math::addExact (32 bytes)
Event: 0.318 Thread 0x00000258840a0f70 nmethod 478 0x00000258dffe7290 code [0x00000258dffe7440, 0x00000258dffe7648]
Event: 0.318 Thread 0x00000258840a0f70  479       3       java.lang.Math::multiplyExact (74 bytes)
Event: 0.319 Thread 0x00000258840a0f70 nmethod 479 0x00000258dffe7710 code [0x00000258dffe78e0, 0x00000258dffe7e08]
Event: 0.319 Thread 0x00000258840a0f70  480       3       java.nio.file.attribute.FileTime::toMillis (98 bytes)
Event: 0.319 Thread 0x00000258840a0f70 nmethod 480 0x00000258dffe7f90 code [0x00000258dffe8180, 0x00000258dffe8668]
Event: 0.319 Thread 0x00000258840a0f70  481       3       java.util.concurrent.TimeUnit::toMillis (69 bytes)

GC Heap History (0 events):
No events

Deoptimization events (20 events):
Event: 0.246 Thread 0x00000258d867a5d0 DEOPT PACKING pc=0x00000258dff4de0c sp=0x000000c94bcfe5b0
Event: 0.246 Thread 0x00000258d867a5d0 DEOPT UNPACKING pc=0x00000258e74a2b43 sp=0x000000c94bcfda40 mode 0
Event: 0.249 Thread 0x00000258d867a5d0 DEOPT PACKING pc=0x00000258dff4de0c sp=0x000000c94bcfe5b0
Event: 0.249 Thread 0x00000258d867a5d0 DEOPT UNPACKING pc=0x00000258e74a2b43 sp=0x000000c94bcfda40 mode 0
Event: 0.276 Thread 0x00000258d867a5d0 DEOPT PACKING pc=0x00000258dff37ae8 sp=0x000000c94bcfe750
Event: 0.276 Thread 0x00000258d867a5d0 DEOPT UNPACKING pc=0x00000258e74a2b43 sp=0x000000c94bcfdbe0 mode 0
Event: 0.277 Thread 0x00000258d867a5d0 DEOPT PACKING pc=0x00000258dff37ae8 sp=0x000000c94bcfe750
Event: 0.277 Thread 0x00000258d867a5d0 DEOPT UNPACKING pc=0x00000258e74a2b43 sp=0x000000c94bcfdbe0 mode 0
Event: 0.281 Thread 0x00000258d867a5d0 DEOPT PACKING pc=0x00000258dff37ae8 sp=0x000000c94bcfe750
Event: 0.281 Thread 0x00000258d867a5d0 DEOPT UNPACKING pc=0x00000258e74a2b43 sp=0x000000c94bcfdbe0 mode 0
Event: 0.281 Thread 0x00000258d867a5d0 DEOPT PACKING pc=0x00000258dffb3704 sp=0x000000c94bcfe700
Event: 0.281 Thread 0x00000258d867a5d0 DEOPT UNPACKING pc=0x00000258e74a2b43 sp=0x000000c94bcfdbb0 mode 0
Event: 0.287 Thread 0x00000258d867a5d0 DEOPT PACKING pc=0x00000258dff7ffd6 sp=0x000000c94bcfe3a0
Event: 0.287 Thread 0x00000258d867a5d0 DEOPT UNPACKING pc=0x00000258e74a2b43 sp=0x000000c94bcfd840 mode 0
Event: 0.296 Thread 0x00000258d867a5d0 Uncommon trap: trap_request=0xffffff45 fr.pc=0x00000258e7a12470 relative=0x0000000000000930
Event: 0.296 Thread 0x00000258d867a5d0 Uncommon trap: reason=unstable_if action=reinterpret pc=0x00000258e7a12470 method=java.io.BufferedReader.readLine(Z[Z)Ljava/lang/String; @ 145 c2
Event: 0.296 Thread 0x00000258d867a5d0 DEOPT PACKING pc=0x00000258e7a12470 sp=0x000000c94bcfe9b0
Event: 0.296 Thread 0x00000258d867a5d0 DEOPT UNPACKING pc=0x00000258e74a23a3 sp=0x000000c94bcfe938 mode 2
Event: 0.305 Thread 0x00000258d867a5d0 DEOPT PACKING pc=0x00000258dff8eb3e sp=0x000000c94bcfe380
Event: 0.305 Thread 0x00000258d867a5d0 DEOPT UNPACKING pc=0x00000258e74a2b43 sp=0x000000c94bcfd820 mode 0

Classes unloaded (0 events):
No events

Classes redefined (0 events):
No events

Internal exceptions (2 events):
Event: 0.185 Thread 0x00000258d867a5d0 Exception <a 'java/lang/NoSuchMethodError'{0x0000000711b8a660}: 'java.lang.Object java.lang.invoke.DirectMethodHandle$Holder.invokeStaticInit(java.lang.Object)'> (0x0000000711b8a660) 
thrown [s\open\src\hotspot\share\interpreter\linkResolver.cpp, line 759]
Event: 0.229 Thread 0x00000258d867a5d0 Exception <a 'java/lang/NoSuchMethodError'{0x0000000711bc5b00}: 'int java.lang.invoke.DirectMethodHandle$Holder.invokeSpecial(java.lang.Object, java.lang.Object, java.lang.Object)'> (0x0000000711bc5b00) 
thrown [s\open\src\hotspot\share\interpreter\linkResolver.cpp, line 759]

VM Operations (2 events):
Event: 0.093 Executing VM operation: HandshakeAllThreads
Event: 0.093 Executing VM operation: HandshakeAllThreads done

Events (20 events):
Event: 0.252 loading class java/util/NavigableSet
Event: 0.252 loading class java/util/SortedSet
Event: 0.252 loading class java/util/SortedSet done
Event: 0.252 loading class java/util/NavigableSet done
Event: 0.252 loading class java/util/TreeSet done
Event: 0.252 loading class java/util/TreeMap
Event: 0.253 loading class java/util/NavigableMap
Event: 0.253 loading class java/util/SortedMap
Event: 0.253 loading class java/util/SortedMap done
Event: 0.253 loading class java/util/NavigableMap done
Event: 0.253 loading class java/util/TreeMap done
Event: 0.253 loading class java/util/TreeMap$Entry
Event: 0.253 loading class java/util/TreeMap$Entry done
Event: 0.254 loading class java/util/TreeMap$KeySet
Event: 0.254 loading class java/util/TreeMap$KeySet done
Event: 0.254 loading class java/util/TreeMap$KeyIterator
Event: 0.254 loading class java/util/TreeMap$PrivateEntryIterator
Event: 0.254 loading class java/util/TreeMap$PrivateEntryIterator done
Event: 0.254 loading class java/util/TreeMap$KeyIterator done
Event: 0.269 Thread 0x00000258843e8050 Thread added: 0x00000258843e8050


Dynamic libraries:
0x00007ff7ffb30000 - 0x00007ff7ffb40000 	C:\Program Files\Java\jdk-17\bin\java.exe
0x00007ffe92c50000 - 0x00007ffe92e48000 	C:\Windows\SYSTEM32\ntdll.dll
0x00007ffe922f0000 - 0x00007ffe923b2000 	C:\Windows\System32\KERNEL32.DLL
0x00007ffe907a0000 - 0x00007ffe90a96000 	C:\Windows\System32\KERNELBASE.dll
0x00007ffe90420000 - 0x00007ffe90520000 	C:\Windows\System32\ucrtbase.dll
0x00007ffe76c60000 - 0x00007ffe76c7b000 	C:\Program Files\Java\jdk-17\bin\VCRUNTIME140.dll
0x00007ffe83000000 - 0x00007ffe83019000 	C:\Program Files\Java\jdk-17\bin\jli.dll
0x00007ffe924e0000 - 0x00007ffe9258f000 	C:\Windows\System32\ADVAPI32.dll
0x00007ffe90eb0000 - 0x00007ffe90f4e000 	C:\Windows\System32\msvcrt.dll
0x00007ffe923c0000 - 0x00007ffe9245f000 	C:\Windows\System32\sechost.dll
0x00007ffe91110000 - 0x00007ffe91233000 	C:\Windows\System32\RPCRT4.dll
0x00007ffe90b70000 - 0x00007ffe90b97000 	C:\Windows\System32\bcrypt.dll
0x00007ffe91a80000 - 0x00007ffe91c1d000 	C:\Windows\System32\USER32.dll
0x00007ffe903f0000 - 0x00007ffe90412000 	C:\Windows\System32\win32u.dll
0x00007ffe78440000 - 0x00007ffe786da000 	C:\Windows\WinSxS\amd64_microsoft.windows.common-controls_6595b64144ccf1df_6.0.19041.5794_none_60bcd33171f2783c\COMCTL32.dll
0x00007ffe90c50000 - 0x00007ffe90c7b000 	C:\Windows\System32\GDI32.dll
0x00007ffe90680000 - 0x00007ffe9079a000 	C:\Windows\System32\gdi32full.dll
0x00007ffe90350000 - 0x00007ffe903ed000 	C:\Windows\System32\msvcp_win.dll
0x00007ffe8c460000 - 0x00007ffe8c46a000 	C:\Windows\SYSTEM32\VERSION.dll
0x00007ffe90c80000 - 0x00007ffe90caf000 	C:\Windows\System32\IMM32.DLL
0x00007ffe82ff0000 - 0x00007ffe82ffc000 	C:\Program Files\Java\jdk-17\bin\vcruntime140_1.dll
0x00007ffe756a0000 - 0x00007ffe7572e000 	C:\Program Files\Java\jdk-17\bin\msvcp140.dll
0x00007ffe638d0000 - 0x00007ffe644ae000 	C:\Program Files\Java\jdk-17\bin\server\jvm.dll
0x00007ffe90cb0000 - 0x00007ffe90cb8000 	C:\Windows\System32\PSAPI.DLL
0x00007ffe7c670000 - 0x00007ffe7c679000 	C:\Windows\SYSTEM32\WSOCK32.dll
0x00007ffe7d600000 - 0x00007ffe7d627000 	C:\Windows\SYSTEM32\WINMM.dll
0x00007ffe90fb0000 - 0x00007ffe9101b000 	C:\Windows\System32\WS2_32.dll
0x00007ffe8eaa0000 - 0x00007ffe8eab2000 	C:\Windows\SYSTEM32\kernel.appcore.dll
0x00007ffe7ec50000 - 0x00007ffe7ec5a000 	C:\Program Files\Java\jdk-17\bin\jimage.dll
0x00007ffe8e850000 - 0x00007ffe8ea51000 	C:\Windows\SYSTEM32\DBGHELP.DLL
0x00007ffe6f6b0000 - 0x00007ffe6f6e4000 	C:\Windows\SYSTEM32\dbgcore.DLL
0x00007ffe902c0000 - 0x00007ffe90342000 	C:\Windows\System32\bcryptPrimitives.dll
0x00007ffe75600000 - 0x00007ffe75625000 	C:\Program Files\Java\jdk-17\bin\java.dll
0x00007ffe74f20000 - 0x00007ffe74ff7000 	C:\Program Files\Java\jdk-17\bin\jsvml.dll
0x00007ffe912f0000 - 0x00007ffe91a5e000 	C:\Windows\System32\SHELL32.dll
0x00007ffe8dfd0000 - 0x00007ffe8e773000 	C:\Windows\SYSTEM32\windows.storage.dll
0x00007ffe91f00000 - 0x00007ffe92253000 	C:\Windows\System32\combase.dll
0x00007ffe8fc10000 - 0x00007ffe8fc3b000 	C:\Windows\SYSTEM32\Wldp.dll
0x00007ffe90de0000 - 0x00007ffe90ead000 	C:\Windows\System32\OLEAUT32.dll
0x00007ffe92b30000 - 0x00007ffe92bdd000 	C:\Windows\System32\SHCORE.dll
0x00007ffe90d80000 - 0x00007ffe90dd5000 	C:\Windows\System32\shlwapi.dll
0x00007ffe901f0000 - 0x00007ffe90215000 	C:\Windows\SYSTEM32\profapi.dll
0x00007ffe76d80000 - 0x00007ffe76d99000 	C:\Program Files\Java\jdk-17\bin\net.dll
0x00007ffe888e0000 - 0x00007ffe889ea000 	C:\Windows\SYSTEM32\WINHTTP.dll
0x00007ffe8f9f0000 - 0x00007ffe8fa5c000 	C:\Windows\system32\mswsock.dll
0x00007ffe76730000 - 0x00007ffe76746000 	C:\Program Files\Java\jdk-17\bin\nio.dll
0x00007ffe76710000 - 0x00007ffe76728000 	C:\Program Files\Java\jdk-17\bin\zip.dll
0x00007ffe80690000 - 0x00007ffe8069a000 	C:\Program Files\Java\jdk-17\bin\management.dll
0x00007ffe80680000 - 0x00007ffe8068b000 	C:\Program Files\Java\jdk-17\bin\management_ext.dll

dbghelp: loaded successfully - version: 4.0.5 - missing functions: none
symbol engine: initialized successfully - sym options: 0x614 - pdb path: .;C:\Program Files\Java\jdk-17\bin;C:\Windows\SYSTEM32;C:\Windows\WinSxS\amd64_microsoft.windows.common-controls_6595b64144ccf1df_6.0.19041.5794_none_60bcd33171f2783c;C:\Program Files\Java\jdk-17\bin\server

VM Arguments:
java_command: C:\Users\21628\AppData\Local\Temp\surefire11492967373534903148\surefirebooter-20250604163157809_3.jar C:\Users\21628\AppData\Local\Temp\surefire11492967373534903148 2025-06-04T16-31-57_642-jvmRun1 surefire-20250604163157809_1tmp surefire_0-20250604163157809_2tmp
java_class_path (initial): C:\Users\21628\AppData\Local\Temp\surefire11492967373534903148\surefirebooter-20250604163157809_3.jar
Launcher Type: SUN_STANDARD

[Global flags]
     intx CICompilerCount                          = 4                                         {product} {ergonomic}
     uint ConcGCThreads                            = 2                                         {product} {ergonomic}
     uint G1ConcRefinementThreads                  = 8                                         {product} {ergonomic}
   size_t G1HeapRegionSize                         = 2097152                                   {product} {ergonomic}
    uintx GCDrainStackTargetSize                   = 64                                        {product} {ergonomic}
   size_t InitialHeapSize                          = 266338304                                 {product} {ergonomic}
   size_t MarkStackSize                            = 4194304                                   {product} {ergonomic}
   size_t MaxHeapSize                              = 4261412864                                {product} {ergonomic}
   size_t MaxNewSize                               = 2556428288                                {product} {ergonomic}
   size_t MinHeapDeltaBytes                        = 2097152                                   {product} {ergonomic}
   size_t MinHeapSize                              = 8388608                                   {product} {ergonomic}
    uintx NonNMethodCodeHeapSize                   = 5839372                                {pd product} {ergonomic}
    uintx NonProfiledCodeHeapSize                  = 122909434                              {pd product} {ergonomic}
    uintx ProfiledCodeHeapSize                     = 122909434                              {pd product} {ergonomic}
    uintx ReservedCodeCacheSize                    = 251658240                              {pd product} {ergonomic}
     bool SegmentedCodeCache                       = true                                      {product} {ergonomic}
   size_t SoftMaxHeapSize                          = 4261412864                             {manageable} {ergonomic}
     bool UseCompressedClassPointers               = true                           {product lp64_product} {ergonomic}
     bool UseCompressedOops                        = true                           {product lp64_product} {ergonomic}
     bool UseG1GC                                  = true                                      {product} {ergonomic}
     bool UseLargePagesIndividualAllocation        = false                                  {pd product} {ergonomic}

Logging:
Log output configuration:
 #0: stdout all=warning uptime,level,tags
 #1: stderr all=off uptime,level,tags

Environment Variables:
JAVA_HOME=C:\Program Files\Java\jdk-17
PATH=C:\Program Files\Microsoft SDKs\Azure\CLI2\wbin;C:\Users\21628\AppData\Local\Programs\Python\Python313;D:\VMWARE\bin\;C:\Oracle\bin;D:\oracle\dbhomeXE\bin;C:\Program Files\Common Files\Oracle\Java\javapath;C:\Users\21628\AppData\Local\Programs\Python\Python313\Scripts;C:\Program Files (x86)\Common Files\Intel\Shared Libraries\redist\intel64\compiler;C:\Windows\system32;C:\Windows;C:\Windows\System32\Wbem;C:\Windows\System32\WindowsPowerShell\v1.0\;C:\Windows\System32\OpenSSH\;C:\Program Files\NVIDIA Corporation\NVIDIA NvDLISR;C:\Program Files\dotnet\;C:\flutter\bin;D:\apache-maven-3.8.8\bin;C:\Program Files\Microsoft\Web Platform Installer\;C:\Program Files (x86)\Microsoft ASP.NET\ASP.NET Web Pages\v1.0\;C:\Program Files (x86)\Windows Kits\8.0\Windows Performance Toolkit\;C:\Program Files\Microsoft SQL Server\110\Tools\Binn\;C:\Program Files (x86)\NVIDIA Corporation\PhysX\Common;C:\Program Files\Java\jdk-17\bin;D:\;D:\chromedriver-win64;D:\Minikube;C:\minikube;C:\Program Files\Docker\Docker\resources\bin;C:\Program Files\Git\cmd;C:\Program Files\web3j-1.7.0\bin;C:\Users\21628\scoop\shims;D:\VMWARE\bin\;C:\Oracle\bin;D:\oracle\dbhomeXE\bin;C:\Program Files\Common Files\Oracle\Java\javapath;C:\Program Files (x86)\Common Files\Intel\Shared Libraries\redist\intel64\compiler;C:\Windows\system32;C:\Windows;C:\Windows\System32\Wbem;C:\Windows\System32\WindowsPowerShell\v1.0\;C:\Windows\System32\OpenSSH\;C:\Program Files\NVIDIA Corporation\NVIDIA NvDLISR;C:\Program Files\dotnet\;C:\flutter\bin;D:\apache-maven-3.8.8\bin;C:\Program Files\Microsoft\Web Platform Installer\;C:\Program Files (x86)\Microsoft ASP.NET\ASP.NET Web Pages\v1.0\;C:\Program Files (x86)\Windows Kits\8.0\Windows Performance Toolkit\;C:\Program Files\Microsoft SQL Server\110\Tools\Binn\;C:\Program Files (x86)\NVIDIA Corporation\PhysX\Common;D:\;C:\Program Files (x86)\STMicroelectronics\STM32 ST-LINK Utility\ST-LINK Utility;C:\Program Files\nodejs\;C:\Program Files\Docker\Docker\resources\bin;C:\Program Fi
USERNAME=Omar Kdhai
OS=Windows_NT
PROCESSOR_IDENTIFIER=Intel64 Family 6 Model 165 Stepping 2, GenuineIntel



---------------  S Y S T E M  ---------------

OS:
 Windows 10 , 64 bit Build 19041 (10.0.19041.5794)
OS uptime: 2 days 1:27 hours
Hyper-V role detected

CPU: total 8 (initial active 8) (4 cores per cpu, 2 threads per core) family 6 model 165 stepping 2 microcode 0xc8, cx8, cmov, fxsr, ht, mmx, 3dnowpref, sse, sse2, sse3, ssse3, sse4.1, sse4.2, popcnt, lzcnt, tsc, tscinvbit, avx, avx2, aes, erms, clmul, bmi1, bmi2, adx, fma, vzeroupper, clflush, clflushopt, hv

Memory: 4k page, system-wide physical 16251M (1193M free)
TotalPageFile size 38571M (AvailPageFile size 2M)
current process WorkingSet (physical memory assigned to process): 59M, peak: 59M
current process commit charge ("private bytes"): 350M, peak: 350M

vm_info: Java HotSpot(TM) 64-Bit Server VM (17.0.8+9-LTS-211) for windows-amd64 JRE (17.0.8+9-LTS-211), built on Jun 14 2023 10:34:31 by "mach5one" with MS VC++ 17.1 (VS2022)

END.
